<?xml version="1.0" encoding="UTF-8"?>
<testng-results skipped="0" failed="0" total="1" passed="1">
  <reporter-output>
  </reporter-output>
  <suite name="ExecutePOM.POMExecutionTest" duration-ms="35937" started-at="2018-07-01T02:01:05Z" finished-at="2018-07-01T02:01:41Z">
    <groups>
    </groups>
    <test name="Command line test" duration-ms="35937" started-at="2018-07-01T02:01:05Z" finished-at="2018-07-01T02:01:41Z">
      <class name="ExecutePOM.POMExecutionTest">
        <test-method status="PASS" signature="test1()" name="test1" duration-ms="35918" started-at="2018-07-01T02:01:05Z" finished-at="2018-07-01T02:01:41Z">
        </test-method>
      </class>
    </test>
  </suite>
</testng-results>
