<?xml version="1.0" encoding="UTF-8"?>
<testng-results skipped="0" failed="0" ignored="2" total="3" passed="1">
  <reporter-output>
  </reporter-output>
  <suite name="Default suite" duration-ms="35435" started-at="2018-07-05T07:39:58Z" finished-at="2018-07-05T07:40:34Z">
    <groups>
    </groups>
    <test name="Default test" duration-ms="35435" started-at="2018-07-05T07:39:58Z" finished-at="2018-07-05T07:40:34Z">
      <class name="com.sen.extent.Functionality2">
        <test-method status="PASS" signature="setUp()[pri:0, instance:com.sen.extent.Functionality2@42d80b78]" name="setUp" is-config="true" duration-ms="1465" started-at="2018-07-05T13:09:57Z" finished-at="2018-07-05T13:09:58Z">
          <reporter-output>
          </reporter-output>
        </test-method> <!-- setUp -->
        <test-method status="PASS" signature="startBrowser()[pri:0, instance:com.sen.extent.Functionality2@42d80b78]" name="startBrowser" is-config="true" duration-ms="2" started-at="2018-07-05T13:09:58Z" finished-at="2018-07-05T13:09:58Z">
          <reporter-output>
          </reporter-output>
        </test-method> <!-- startBrowser -->
        <test-method status="PASS" signature="functionality2Test2()[pri:0, instance:com.sen.extent.Functionality2@42d80b78]" name="functionality2Test2" duration-ms="35239" started-at="2018-07-05T13:09:58Z" finished-at="2018-07-05T13:10:33Z">
          <reporter-output>
          </reporter-output>
        </test-method> <!-- functionality2Test2 -->
        <test-method status="FAIL" signature="getResult(org.testng.ITestResult)[pri:0, instance:com.sen.extent.Functionality2@42d80b78]" name="getResult" is-config="true" duration-ms="0" started-at="2018-07-05T13:10:33Z" finished-at="2018-07-05T13:10:33Z">
          <params>
            <param index="0">
              <value>
                <![CDATA[[TestResult name=functionality2Test2 status=SUCCESS method=Functionality2.functionality2Test2()[pri:0, instance:com.sen.extent.Functionality2@42d80b78] output={null}]]]>
              </value>
            </param>
          </params>
          <exception class="java.lang.NullPointerException">
            <full-stacktrace>
              <![CDATA[java.lang.NullPointerException
	at com.sen.extent.BaseTest.getResult(BaseTest.java:47)
	at sun.reflect.NativeMethodAccessorImpl.invoke0(Native Method)
	at sun.reflect.NativeMethodAccessorImpl.invoke(NativeMethodAccessorImpl.java:62)
	at sun.reflect.DelegatingMethodAccessorImpl.invoke(DelegatingMethodAccessorImpl.java:43)
	at java.lang.reflect.Method.invoke(Method.java:498)
	at org.testng.internal.MethodInvocationHelper.invokeMethod(MethodInvocationHelper.java:104)
	at org.testng.internal.Invoker.invokeConfigurationMethod(Invoker.java:515)
	at org.testng.internal.Invoker.invokeConfigurations(Invoker.java:217)
	at org.testng.internal.Invoker.invokeMethod(Invoker.java:712)
	at org.testng.internal.Invoker.invokeTestMethod(Invoker.java:851)
	at org.testng.internal.Invoker.invokeTestMethods(Invoker.java:1177)
	at org.testng.internal.TestMethodWorker.invokeTestMethods(TestMethodWorker.java:129)
	at org.testng.internal.TestMethodWorker.run(TestMethodWorker.java:112)
	at org.testng.TestRunner.privateRun(TestRunner.java:756)
	at org.testng.TestRunner.run(TestRunner.java:610)
	at org.testng.SuiteRunner.runTest(SuiteRunner.java:387)
	at org.testng.SuiteRunner.runSequentially(SuiteRunner.java:382)
	at org.testng.SuiteRunner.privateRun(SuiteRunner.java:340)
	at org.testng.SuiteRunner.run(SuiteRunner.java:289)
	at org.testng.SuiteRunnerWorker.runSuite(SuiteRunnerWorker.java:52)
	at org.testng.SuiteRunnerWorker.run(SuiteRunnerWorker.java:86)
	at org.testng.TestNG.runSuitesSequentially(TestNG.java:1293)
	at org.testng.TestNG.runSuitesLocally(TestNG.java:1218)
	at org.testng.TestNG.runSuites(TestNG.java:1133)
	at org.testng.TestNG.run(TestNG.java:1104)
	at org.testng.remote.AbstractRemoteTestNG.run(AbstractRemoteTestNG.java:114)
	at org.testng.remote.RemoteTestNG.initAndRun(RemoteTestNG.java:251)
	at org.testng.remote.RemoteTestNG.main(RemoteTestNG.java:77)
]]>
            </full-stacktrace>
          </exception> <!-- java.lang.NullPointerException -->
          <reporter-output>
          </reporter-output>
        </test-method> <!-- getResult -->
        <test-method status="SKIP" signature="tearDown()[pri:0, instance:com.sen.extent.Functionality2@42d80b78]" name="tearDown" is-config="true" duration-ms="0" started-at="2018-07-05T13:10:34Z" finished-at="2018-07-05T13:10:34Z">
          <reporter-output>
          </reporter-output>
        </test-method> <!-- tearDown -->
      </class> <!-- com.sen.extent.Functionality2 -->
    </test> <!-- Default test -->
  </suite> <!-- Default suite -->
</testng-results>
